
2017-04-21 13:44:36 - INFO - littleKidLover logged in successfully. 
2017-04-21 14:11:27 - INFO - littleKidLover logged in successfully. 
2017-04-21 14:11:34 - INFO -  failed to log in.
2017-04-21 14:29:24 - INFO - littleKidLover logged in successfully. 
2017-04-21 14:32:28 - INFO - littleKidLover logged in successfully. 
2017-04-21 14:38:00 - INFO - dsfgdvsdgv failed to log in.
2017-04-21 14:52:09 - INFO - littleKidLover logged in successfully. 
2017-04-21 14:56:03 - INFO - littleKidLover logged in successfully. 
2017-04-21 14:59:38 - INFO - littleKidLover logged in successfully. 
2017-04-21 15:12:27 - INFO - littleKidLover logged in successfully. 
2017-04-21 15:15:00 - INFO - littleKidLover logged in successfully. 
2017-04-21 15:18:02 - INFO - littleKidLover logged in successfully. 
2017-04-21 15:19:59 - INFO - littleKidLover logged in successfully. 
2017-04-21 15:20:22 - INFO - littleKidLover logged in successfully. 
2017-04-21 15:21:56 - INFO - littleKidLover logged in successfully. 
2017-04-21 15:24:29 - INFO - littleKidLover logged in successfully. 
2017-04-21 15:53:33 - INFO - littleKidLover logged in successfully. 

2017-04-21 16:38:48 - INFO - kevin_malone failed to log in.
2017-04-21 16:38:51 - INFO - kevin_malone failed to log in.
2017-04-21 16:38:56 - INFO - littlekidlover logged in successfully. 
2017-04-21 16:39:07 - INFO -  failed to log in.
2017-04-21 16:40:38 - INFO -  failed to log in.
2017-04-21 16:45:39 - INFO - littlekidlover logged in successfully. 
2017-04-21 17:01:54 - INFO - littlekidlover logged in successfully. 
=======
2017-04-21 16:17:02 - INFO - littleKidLover logged in successfully. 
2017-04-21 16:18:16 - INFO - littleKidLover logged in successfully. 
2017-04-21 16:19:40 - INFO - littleKidLover logged in successfully. 
2017-04-21 16:20:59 - INFO - littleKidLover logged in successfully. 
2017-04-21 17:06:39 - INFO - littleKidLover logged in successfully. 


2017-04-21 17:29:47 - INFO - littleKidLover logged in successfully. 
2017-04-21 18:02:38 - INFO - littleKidLover logged in successfully. 